http://twland.ronny.tw/index/search?lands[]=臺北市,豐年段一小段,452-7
http://twland.ronny.tw/index/search?lands[]=臺北市,豐年段一小段,452-9
http://twland.ronny.tw/index/search?lands[]=臺中市,寶山段,1017
http://twland.ronny.tw/index/search?lands[]=臺中市,吳厝段,43-38
http://twland.ronny.tw/index/search?lands[]=臺中市,五福北段,1240
http://twland.ronny.tw/index/search?lands[]=臺中市,吳厝段,43-233
http://twland.ronny.tw/index/search?lands[]=臺中市,吳厝段,43-234
http://twland.ronny.tw/index/search?lands[]=臺南市,興農段,0649-0001
http://twland.ronny.tw/index/search?lands[]=桃園市,新興段,706
http://twland.ronny.tw/index/search?lands[]=桃園市,福興段,32-5
http://twland.ronny.tw/index/search?lands[]=桃園市,福興段,25-4
http://twland.ronny.tw/index/search?lands[]=桃園市,福興段,102-4
http://twland.ronny.tw/index/search?lands[]=桃園市,中興段,43-10
http://twland.ronny.tw/index/search?lands[]=桃園市,中興段,69-15
http://twland.ronny.tw/index/search?lands[]=桃園市,中興段,69-17
http://twland.ronny.tw/index/search?lands[]=桃園市,中興段,69-19
http://twland.ronny.tw/index/search?lands[]=桃園市,中興段,69-21
http://twland.ronny.tw/index/search?lands[]=桃園市,中興段,70-3
http://twland.ronny.tw/index/search?lands[]=桃園市,中興段,102-5
http://twland.ronny.tw/index/search?lands[]=桃園市,中興段,116-2
http://twland.ronny.tw/index/search?lands[]=桃園市,中興段,131-7
http://twland.ronny.tw/index/search?lands[]=桃園市,中興段,131-8
http://twland.ronny.tw/index/search?lands[]=桃園市,中興段,131-27
http://twland.ronny.tw/index/search?lands[]=桃園市,中興段,131-28
http://twland.ronny.tw/index/search?lands[]=桃園市,中興段,131-30
http://twland.ronny.tw/index/search?lands[]=桃園市,中興段,148-1
http://twland.ronny.tw/index/search?lands[]=桃園市,中興段,148-3
http://twland.ronny.tw/index/search?lands[]=桃園市,中興段,150-5
http://twland.ronny.tw/index/search?lands[]=桃園市,中興段,150-13
http://twland.ronny.tw/index/search?lands[]=桃園市,中興段,69-16
http://twland.ronny.tw/index/search?lands[]=桃園市,中興段,69-20
http://twland.ronny.tw/index/search?lands[]=桃園市,中興段,70-4
http://twland.ronny.tw/index/search?lands[]=桃園市,中興段,80-3
http://twland.ronny.tw/index/search?lands[]=桃園市,中興段,81-2
http://twland.ronny.tw/index/search?lands[]=桃園市,中興段,104-10
http://twland.ronny.tw/index/search?lands[]=桃園市,福興段,2-2
http://twland.ronny.tw/index/search?lands[]=桃園市,福興段,2-3
http://twland.ronny.tw/index/search?lands[]=桃園市,新興段,110-3
http://twland.ronny.tw/index/search?lands[]=桃園市,新興段,132-2
http://twland.ronny.tw/index/search?lands[]=桃園市,新興段,135-2
http://twland.ronny.tw/index/search?lands[]=桃園市,新興段,135-4
http://twland.ronny.tw/index/search?lands[]=桃園市,新興段,719-1
http://twland.ronny.tw/index/search?lands[]=桃園市,新興段,719-7
http://twland.ronny.tw/index/search?lands[]=桃園市,福興段,103-20
http://twland.ronny.tw/index/search?lands[]=桃園市,舊路坑段舊路坑小段,38-23
http://twland.ronny.tw/index/search?lands[]=桃園市,平鎮段,380-1
http://twland.ronny.tw/index/search?lands[]=桃園市,平鎮段,700
http://twland.ronny.tw/index/search?lands[]=桃園市,平鎮段,700-2
http://twland.ronny.tw/index/search?lands[]=桃園市,內興段,302-1
http://twland.ronny.tw/index/search?lands[]=桃園市,內興段,124-1
http://twland.ronny.tw/index/search?lands[]=桃園市,內興段,124-2
http://twland.ronny.tw/index/search?lands[]=桃園市,內興段,124-3
http://twland.ronny.tw/index/search?lands[]=桃園市,內興段,124-4
http://twland.ronny.tw/index/search?lands[]=桃園市,內興段,124-5
http://twland.ronny.tw/index/search?lands[]=桃園市,內興段,308-1
http://twland.ronny.tw/index/search?lands[]=彰化縣,西勢子段西勢子小段,0327
http://twland.ronny.tw/index/search?lands[]=彰化縣,西勢子段西勢子小段,0326-0001
http://twland.ronny.tw/index/search?lands[]=彰化縣,西勢子段西勢子小段,0259
http://twland.ronny.tw/index/search?lands[]=彰化縣,草港尾段,0792
http://twland.ronny.tw/index/search?lands[]=彰化縣,草港尾段,0781-0002
http://twland.ronny.tw/index/search?lands[]=彰化縣,草港尾段,0781
http://twland.ronny.tw/index/search?lands[]=彰化縣,大埔段,0507
http://twland.ronny.tw/index/search?lands[]=彰化縣,大埔段,0508-0001
http://twland.ronny.tw/index/search?lands[]=彰化縣,西門口段,0128
http://twland.ronny.tw/index/search?lands[]=彰化縣,西門口段,0166-0002
http://twland.ronny.tw/index/search?lands[]=彰化縣,西門口段,0166-0005
http://twland.ronny.tw/index/search?lands[]=彰化縣,西門口段,0167
http://twland.ronny.tw/index/search?lands[]=彰化縣,西門口段,0196-0012
http://twland.ronny.tw/index/search?lands[]=彰化縣,西門口段,0199-0001
http://twland.ronny.tw/index/search?lands[]=彰化縣,西門口段,0219-0003
http://twland.ronny.tw/index/search?lands[]=彰化縣,西門口段,0220-0001
http://twland.ronny.tw/index/search?lands[]=彰化縣,西門口段,0229
http://twland.ronny.tw/index/search?lands[]=彰化縣,西門口段,0230-0002
http://twland.ronny.tw/index/search?lands[]=彰化縣,西門口段,0234-0009
http://twland.ronny.tw/index/search?lands[]=彰化縣,西門口段,0330
http://twland.ronny.tw/index/search?lands[]=彰化縣,西門口段,0331-0006
http://twland.ronny.tw/index/search?lands[]=彰化縣,西門口段,0336
http://twland.ronny.tw/index/search?lands[]=彰化縣,西門口段,0521-0003
http://twland.ronny.tw/index/search?lands[]=彰化縣,西門口段,0606
http://twland.ronny.tw/index/search?lands[]=彰化縣,西勢子段西勢子小段,0104-0008
http://twland.ronny.tw/index/search?lands[]=彰化縣,西勢子段西勢子小段,0105-0010
http://twland.ronny.tw/index/search?lands[]=彰化縣,西勢子段西勢子小段,0105-0008
http://twland.ronny.tw/index/search?lands[]=彰化縣,西勢子段西勢子小段,0106-0008
http://twland.ronny.tw/index/search?lands[]=彰化縣,西勢子段西勢子小段,0107-0004
http://twland.ronny.tw/index/search?lands[]=彰化縣,西勢子段西勢子小段,0175-0010
http://twland.ronny.tw/index/search?lands[]=彰化縣,西勢子段西勢子小段,0227-0001
http://twland.ronny.tw/index/search?lands[]=彰化縣,西勢子段西勢子小段,0239
http://twland.ronny.tw/index/search?lands[]=彰化縣,西勢子段西勢子小段,0241-0002
http://twland.ronny.tw/index/search?lands[]=彰化縣,西勢子段西勢子小段,0250
http://twland.ronny.tw/index/search?lands[]=彰化縣,西勢子段西勢子小段,0252
http://twland.ronny.tw/index/search?lands[]=彰化縣,西勢子段西勢子小段,0297
http://twland.ronny.tw/index/search?lands[]=彰化縣,西勢子段西勢子小段,0325
http://twland.ronny.tw/index/search?lands[]=彰化縣,西勢子段西勢子小段,0329
http://twland.ronny.tw/index/search?lands[]=彰化縣,西勢子段西勢子小段,0337-0003
http://twland.ronny.tw/index/search?lands[]=彰化縣,西勢子段西勢子小段,0338
http://twland.ronny.tw/index/search?lands[]=彰化縣,西勢子段西勢子小段,0341-0001
http://twland.ronny.tw/index/search?lands[]=彰化縣,西勢子段西勢子小段,0342
http://twland.ronny.tw/index/search?lands[]=彰化縣,振興段,0971
http://twland.ronny.tw/index/search?lands[]=彰化縣,大嘉段,1225
http://twland.ronny.tw/index/search?lands[]=彰化縣,和東段,1376
http://twland.ronny.tw/index/search?lands[]=彰化縣,嘉安段,1041
http://twland.ronny.tw/index/search?lands[]=彰化縣,嘉詔段,0577
http://twland.ronny.tw/index/search?lands[]=彰化縣,嘉詔段,0578
http://twland.ronny.tw/index/search?lands[]=彰化縣,嘉詔段,0653
http://twland.ronny.tw/index/search?lands[]=彰化縣,嘉慶段,0561
http://twland.ronny.tw/index/search?lands[]=彰化縣,嘉慶段,0593-0001
http://twland.ronny.tw/index/search?lands[]=彰化縣,白沙坑段,0017-0011
http://twland.ronny.tw/index/search?lands[]=彰化縣,白沙坑段,0017-0012
http://twland.ronny.tw/index/search?lands[]=彰化縣,白沙坑段,0017-0013
http://twland.ronny.tw/index/search?lands[]=彰化縣,白沙坑段,0017-0004
http://twland.ronny.tw/index/search?lands[]=彰化縣,白沙坑段,0017-0005
http://twland.ronny.tw/index/search?lands[]=彰化縣,白沙坑段,0017
http://twland.ronny.tw/index/search?lands[]=彰化縣,白沙坑段,0032-0002
http://twland.ronny.tw/index/search?lands[]=彰化縣,草港尾段,0781-0003
http://twland.ronny.tw/index/search?lands[]=彰化縣,和東段,1357-0001
http://twland.ronny.tw/index/search?lands[]=彰化縣,和東段,1357-0002
http://twland.ronny.tw/index/search?lands[]=彰化縣,西門口段,0337-0006
http://twland.ronny.tw/index/search?lands[]=彰化縣,西門口段,0228
http://twland.ronny.tw/index/search?lands[]=彰化縣,西門口段,0220-0003
http://twland.ronny.tw/index/search?lands[]=彰化縣,西門口段,0220-0004
http://twland.ronny.tw/index/search?lands[]=彰化縣,西門口段,0220
http://twland.ronny.tw/index/search?lands[]=彰化縣,西門口段,0224
http://twland.ronny.tw/index/search?lands[]=彰化縣,西門口段,0336-0025
http://twland.ronny.tw/index/search?lands[]=彰化縣,西門口段,0336-0026
http://twland.ronny.tw/index/search?lands[]=彰化縣,大埔段,0499-0002
http://twland.ronny.tw/index/search?lands[]=彰化縣,南興段,0168-0001
http://twland.ronny.tw/index/search?lands[]=彰化縣,西門口段,0186-0001
http://twland.ronny.tw/index/search?lands[]=彰化縣,西門口段,0200
http://twland.ronny.tw/index/search?lands[]=彰化縣,西門口段,0209-0002
http://twland.ronny.tw/index/search?lands[]=彰化縣,西勢子段西勢子小段,0329-0001
http://twland.ronny.tw/index/search?lands[]=彰化縣,大霞段,2644
http://twland.ronny.tw/index/search?lands[]=彰化縣,西門口段,0188
http://twland.ronny.tw/index/search?lands[]=彰化縣,西門口段,0209
http://twland.ronny.tw/index/search?lands[]=彰化縣,西門口段,0210
http://twland.ronny.tw/index/search?lands[]=彰化縣,西門口段,0299
http://twland.ronny.tw/index/search?lands[]=彰化縣,西門口段,0334
http://twland.ronny.tw/index/search?lands[]=彰化縣,西門口段,0403
http://twland.ronny.tw/index/search?lands[]=彰化縣,西門口段,0335-0003
http://twland.ronny.tw/index/search?lands[]=彰化縣,西門口段,0336-0023
http://twland.ronny.tw/index/search?lands[]=彰化縣,西門口段,0339-0010
http://twland.ronny.tw/index/search?lands[]=彰化縣,西門口段,0407-0003
http://twland.ronny.tw/index/search?lands[]=彰化縣,西門口段,0407-0004
http://twland.ronny.tw/index/search?lands[]=彰化縣,西門口段,0583-0002
http://twland.ronny.tw/index/search?lands[]=彰化縣,西門口段,0286
http://twland.ronny.tw/index/search?lands[]=彰化縣,西門口段,0600
http://twland.ronny.tw/index/search?lands[]=彰化縣,西門口段,0281
http://twland.ronny.tw/index/search?lands[]=彰化縣,西門口段,0284
http://twland.ronny.tw/index/search?lands[]=彰化縣,西勢子段西勢子小段,0119-0001
http://twland.ronny.tw/index/search?lands[]=彰化縣,西勢子段西勢子小段,0117-0002
http://twland.ronny.tw/index/search?lands[]=彰化縣,西勢子段西勢子小段,0298-0001
http://twland.ronny.tw/index/search?lands[]=彰化縣,西勢子段西勢子小段,0280
http://twland.ronny.tw/index/search?lands[]=彰化縣,西勢子段西勢子小段,0273-0005
http://twland.ronny.tw/index/search?lands[]=彰化縣,西勢子段西勢子小段,0173-0013
http://twland.ronny.tw/index/search?lands[]=彰化縣,西勢子段西勢子小段,0254
http://twland.ronny.tw/index/search?lands[]=彰化縣,西勢子段西勢子小段,0258-0001
http://twland.ronny.tw/index/search?lands[]=彰化縣,西門口段,0407-0005
http://twland.ronny.tw/index/search?lands[]=彰化縣,頂和段,0131
http://twland.ronny.tw/index/search?lands[]=彰化縣,西門口段,0583
http://twland.ronny.tw/index/search?lands[]=彰化縣,西勢子段西勢子小段,0120-0008
http://twland.ronny.tw/index/search?lands[]=彰化縣,西勢子段西勢子小段,0256
http://twland.ronny.tw/index/search?lands[]=彰化縣,西勢子段西勢子小段,0255
http://twland.ronny.tw/index/search?lands[]=彰化縣,西勢子段西勢子小段,0170
http://twland.ronny.tw/index/search?lands[]=彰化縣,西門口段,0335
http://twland.ronny.tw/index/search?lands[]=彰化縣,西門口段,0582
http://twland.ronny.tw/index/search?lands[]=彰化縣,西門口段,0339-0003
http://twland.ronny.tw/index/search?lands[]=彰化縣,西門口段,0582
http://twland.ronny.tw/index/search?lands[]=彰化縣,西勢子段西勢子小段,0120-0008
http://twland.ronny.tw/index/search?lands[]=彰化縣,新港段,0004-0295
http://twland.ronny.tw/index/search?lands[]=彰化縣,西門口段,0335-0009
http://twland.ronny.tw/index/search?lands[]=彰化縣,西門口段,0335-0010
http://twland.ronny.tw/index/search?lands[]=彰化縣,西勢子段西勢子小段,0119-0041
http://twland.ronny.tw/index/search?lands[]=彰化縣,西勢子段西勢子小段,0298-0004
http://twland.ronny.tw/index/search?lands[]=彰化縣,西勢子段西勢子小段,0298-0007
http://twland.ronny.tw/index/search?lands[]=彰化縣,新盛段,0354-0010
http://twland.ronny.tw/index/search?lands[]=彰化縣,嘉安段,1043-0002
http://twland.ronny.tw/index/search?lands[]=彰化縣,嘉安段,1043-0004
http://twland.ronny.tw/index/search?lands[]=彰化縣,嘉安段,1043-0005
http://twland.ronny.tw/index/search?lands[]=彰化縣,大榮段,1181-0001
http://twland.ronny.tw/index/search?lands[]=彰化縣,鹿犁段,0247-0001
http://twland.ronny.tw/index/search?lands[]=彰化縣,嘉安段,0963-0005
http://twland.ronny.tw/index/search?lands[]=彰化縣,大雅段,0526-0001
http://twland.ronny.tw/index/search?lands[]=彰化縣,大雅段,0526-0004
http://twland.ronny.tw/index/search?lands[]=新竹市,樹下段,1400
http://twland.ronny.tw/index/search?lands[]=新竹市,樹下段,339
http://twland.ronny.tw/index/search?lands[]=新竹市,香雅段,115
http://twland.ronny.tw/index/search?lands[]=雲林縣,竹圍子段,68-4
http://twland.ronny.tw/index/search?lands[]=臺南市,十三甲段,1262
http://twland.ronny.tw/index/search?lands[]=臺南市,二橋段,597
http://twland.ronny.tw/index/search?lands[]=臺南市,二橋段,595-1
http://twland.ronny.tw/index/search?lands[]=臺南市,大甲段,57
http://twland.ronny.tw/index/search?lands[]=臺南市,大甲段,1032-20
http://twland.ronny.tw/index/search?lands[]=高雄市,圍子內段,4142
http://twland.ronny.tw/index/search?lands[]=高雄市,一甲段,949-2
http://twland.ronny.tw/index/search?lands[]=彰化縣,大雅段,0526-0002
http://twland.ronny.tw/index/search?lands[]=新竹市,樹下段,1413
http://twland.ronny.tw/index/search?lands[]=臺南市,大甲段,1023
http://twland.ronny.tw/index/search?lands[]=臺南市,大甲段,174
http://twland.ronny.tw/index/search?lands[]=彰化縣,嘉慶段,0594-0001
http://twland.ronny.tw/index/search?lands[]=彰化縣,西勢子段西勢子小段,0036-0165
http://twland.ronny.tw/index/search?lands[]=彰化縣,西門口段,0336-0024
http://twland.ronny.tw/index/search?lands[]=彰化縣,西門口段,0336-0027
http://twland.ronny.tw/index/search?lands[]=彰化縣,西勢子段西勢子小段,0286-0001
http://twland.ronny.tw/index/search?lands[]=彰化縣,西門口段,0638
http://twland.ronny.tw/index/search?lands[]=彰化縣,西門口段,0303
http://twland.ronny.tw/index/search?lands[]=彰化縣,西門口段,0414-0027
http://twland.ronny.tw/index/search?lands[]=彰化縣,西勢子段西勢子小段,0119-0003
http://twland.ronny.tw/index/search?lands[]=彰化縣,西勢子段西勢子小段,0281
http://twland.ronny.tw/index/search?lands[]=彰化縣,西門口段,0184
http://twland.ronny.tw/index/search?lands[]=彰化縣,西門口段,0340-0002
http://twland.ronny.tw/index/search?lands[]=彰化縣,西門口段,0604
http://twland.ronny.tw/index/search?lands[]=彰化縣,西勢子段西勢子小段,0104-0003
http://twland.ronny.tw/index/search?lands[]=彰化縣,西勢子段西勢子小段,0115
http://twland.ronny.tw/index/search?lands[]=彰化縣,西勢子段西勢子小段,0333
http://twland.ronny.tw/index/search?lands[]=彰化縣,西勢子段西勢子小段,0337
http://twland.ronny.tw/index/search?lands[]=彰化縣,西勢子段西勢子小段,0339-0003
http://twland.ronny.tw/index/search?lands[]=彰化縣,嘉詔段,0579
http://twland.ronny.tw/index/search?lands[]=彰化縣,嘉詔段,0581
http://twland.ronny.tw/index/search?lands[]=桃園市,福興段,19-1
http://twland.ronny.tw/index/search?lands[]=桃園市,新興段,135-5
http://twland.ronny.tw/index/search?lands[]=桃園市,中華段,242-1
http://twland.ronny.tw/index/search?lands[]=臺中市,詹厝園段,9004-6
http://twland.ronny.tw/index/search?lands[]=新北市,泰山段二小段,464-2
http://twland.ronny.tw/index/search?lands[]=桃園市,中興段,99-13
http://twland.ronny.tw/index/search?lands[]=桃園市,中興段,149-8
http://twland.ronny.tw/index/search?lands[]=桃園市,中興段,95-2
http://twland.ronny.tw/index/search?lands[]=彰化縣,嘉安段,0963-0004
http://twland.ronny.tw/index/search?lands[]=新竹市,樹下段,1415
http://twland.ronny.tw/index/search?lands[]=新竹市,樹下段,1414
http://twland.ronny.tw/index/search?lands[]=彰化縣,西門口段,0229-0002
http://twland.ronny.tw/index/search?lands[]=彰化縣,西門口段,0131-0003
http://twland.ronny.tw/index/search?lands[]=彰化縣,西門口段,0231
http://twland.ronny.tw/index/search?lands[]=彰化縣,西門口段,0233-0001
http://twland.ronny.tw/index/search?lands[]=彰化縣,西門口段,0340-0003
http://twland.ronny.tw/index/search?lands[]=彰化縣,西門口段,0605
http://twland.ronny.tw/index/search?lands[]=彰化縣,西勢子段西勢子小段,0117-0008
http://twland.ronny.tw/index/search?lands[]=彰化縣,西勢子段西勢子小段,0240-0002
http://twland.ronny.tw/index/search?lands[]=彰化縣,西勢子段西勢子小段,0246
http://twland.ronny.tw/index/search?lands[]=彰化縣,西勢子段西勢子小段,0283-0007
http://twland.ronny.tw/index/search?lands[]=彰化縣,西勢子段西勢子小段,0337-0001
http://twland.ronny.tw/index/search?lands[]=彰化縣,西勢子段西勢子小段,0339
http://twland.ronny.tw/index/search?lands[]=彰化縣,大嘉段,1224
http://twland.ronny.tw/index/search?lands[]=彰化縣,白沙坑段,0032-0001
http://twland.ronny.tw/index/search?lands[]=彰化縣,西勢子段西勢子小段,0036-0164
http://twland.ronny.tw/index/search?lands[]=彰化縣,西門口段,0220-0002
http://twland.ronny.tw/index/search?lands[]=彰化縣,西門口段,0220-0005
http://twland.ronny.tw/index/search?lands[]=彰化縣,西門口段,0228-0001
http://twland.ronny.tw/index/search?lands[]=彰化縣,西門口段,0234-0010
http://twland.ronny.tw/index/search?lands[]=彰化縣,西門口段,0186
http://twland.ronny.tw/index/search?lands[]=彰化縣,西門口段,0204
http://twland.ronny.tw/index/search?lands[]=彰化縣,西門口段,0205-0002
http://twland.ronny.tw/index/search?lands[]=彰化縣,西門口段,0407-0002
http://twland.ronny.tw/index/search?lands[]=彰化縣,西門口段,0603
http://twland.ronny.tw/index/search?lands[]=彰化縣,西門口段,0128-0007
http://twland.ronny.tw/index/search?lands[]=彰化縣,西勢子段西勢子小段,0253-0001
http://twland.ronny.tw/index/search?lands[]=嘉義市,遠東段,435
http://twland.ronny.tw/index/search?lands[]=桃園市,埔心段埔心小段,
http://twland.ronny.tw/index/search?lands[]=桃園市,平鎮段,702-1
http://twland.ronny.tw/index/search?lands[]=宜蘭縣,永春段,324
http://twland.ronny.tw/index/search?lands[]=桃園市,中興段,131-6
http://twland.ronny.tw/index/search?lands[]=桃園市,中興段,131-15
http://twland.ronny.tw/index/search?lands[]=桃園市,中興段,91-2
http://twland.ronny.tw/index/search?lands[]=桃園市,福興段,14-2
http://twland.ronny.tw/index/search?lands[]=桃園市,新興段,467-2
http://twland.ronny.tw/index/search?lands[]=桃園市,新興段,712-4
http://twland.ronny.tw/index/search?lands[]=桃園市,埔心段埔心小段,1719
http://twland.ronny.tw/index/search?lands[]=新竹市,樹下段,1402
http://twland.ronny.tw/index/search?lands[]=臺南市,大甲段,58
http://twland.ronny.tw/index/search?lands[]=彰化縣,和群段,0970-0001
http://twland.ronny.tw/index/search?lands[]=彰化縣,嘉安段,1043-0003
http://twland.ronny.tw/index/search?lands[]=彰化縣,嘉安段,0963-0002
http://twland.ronny.tw/index/search?lands[]=彰化縣,大雅段,0526-0003
http://twland.ronny.tw/index/search?lands[]=彰化縣,新盛段,0197-0002
http://twland.ronny.tw/index/search?lands[]=彰化縣,嘉犁段詔安厝小段,0516-0000
http://twland.ronny.tw/index/search?lands[]=彰化縣,西勢子段西勢子小段,0036-0163
http://twland.ronny.tw/index/search?lands[]=彰化縣,和東段,1350-0004
http://twland.ronny.tw/index/search?lands[]=彰化縣,和東段,1357-0004
http://twland.ronny.tw/index/search?lands[]=彰化縣,西勢子段西勢子小段,0231-0001
http://twland.ronny.tw/index/search?lands[]=彰化縣,西門口段,0404
http://twland.ronny.tw/index/search?lands[]=彰化縣,西勢子段西勢子小段,0119-0002
http://twland.ronny.tw/index/search?lands[]=彰化縣,西勢子段西勢子小段,0118-0003
http://twland.ronny.tw/index/search?lands[]=彰化縣,西勢子段西勢子小段,0282
http://twland.ronny.tw/index/search?lands[]=彰化縣,西勢子段西勢子小段,0174-0004
http://twland.ronny.tw/index/search?lands[]=彰化縣,西勢子段西勢子小段,0120-0008
http://twland.ronny.tw/index/search?lands[]=彰化縣,西門口段,0582
http://twland.ronny.tw/index/search?lands[]=彰化縣,西勢子段西勢子小段,0298-0006
http://twland.ronny.tw/index/search?lands[]=臺中市,后里段,271-3
http://twland.ronny.tw/index/search?lands[]=彰化縣,西門口段,0271-0001
http://twland.ronny.tw/index/search?lands[]=彰化縣,西門口段,0340-0001
http://twland.ronny.tw/index/search?lands[]=彰化縣,西勢子段西勢子小段,0118-0002
http://twland.ronny.tw/index/search?lands[]=彰化縣,西勢子段西勢子小段,0283
http://twland.ronny.tw/index/search?lands[]=彰化縣,西勢子段西勢子小段,0328
http://twland.ronny.tw/index/search?lands[]=彰化縣,西勢子段西勢子小段,0331
http://twland.ronny.tw/index/search?lands[]=彰化縣,西門口段,0538-0001
http://twland.ronny.tw/index/search?lands[]=桃園市,中興段,131-29
http://twland.ronny.tw/index/search?lands[]=桃園市,中興段,149-7
http://twland.ronny.tw/index/search?lands[]=桃園市,中興段,70-1
http://twland.ronny.tw/index/search?lands[]=桃園市,中興段,86-2
http://twland.ronny.tw/index/search?lands[]=桃園市,福興段,18-1
http://twland.ronny.tw/index/search?lands[]=桃園市,福興段,24-3
http://twland.ronny.tw/index/search?lands[]=桃園市,舊路坑段舊路坑小段,38-22
http://twland.ronny.tw/index/search?lands[]=臺中市,大突寮段,
http://twland.ronny.tw/index/search?lands[]=彰化縣,大霞段,1036-1
http://twland.ronny.tw/index/search?lands[]=新竹市,香雅段,368
http://twland.ronny.tw/index/search?lands[]=彰化縣,大榮段,1762-0001
http://twland.ronny.tw/index/search?lands[]=彰化縣,西門口段,0223
http://twland.ronny.tw/index/search?lands[]=彰化縣,西門口段,0659-0003
http://twland.ronny.tw/index/search?lands[]=彰化縣,西門口段,0318
http://twland.ronny.tw/index/search?lands[]=彰化縣,西勢子段西勢子小段,0105-0006
http://twland.ronny.tw/index/search?lands[]=彰化縣,西門口段,0339-0012
http://twland.ronny.tw/index/search?lands[]=彰化縣,嘉安段,1043-0001
http://twland.ronny.tw/index/search?lands[]=彰化縣,西勢子段西勢子小段,0327-0001
http://twland.ronny.tw/index/search?lands[]=彰化縣,西門口段,0126
http://twland.ronny.tw/index/search?lands[]=彰化縣,西門口段,0166-0004
http://twland.ronny.tw/index/search?lands[]=彰化縣,西勢子段西勢子小段,0239-0001
http://twland.ronny.tw/index/search?lands[]=彰化縣,西勢子段西勢子小段,0283-0003
http://twland.ronny.tw/index/search?lands[]=彰化縣,西勢子段西勢子小段,0328-0001
http://twland.ronny.tw/index/search?lands[]=彰化縣,西勢子段西勢子小段,0332
http://twland.ronny.tw/index/search?lands[]=彰化縣,大霞段,2010
http://twland.ronny.tw/index/search?lands[]=彰化縣,嘉詔段,0582
http://twland.ronny.tw/index/search?lands[]=桃園市,中興段,69-13
http://twland.ronny.tw/index/search?lands[]=桃園市,中興段,99-10
http://twland.ronny.tw/index/search?lands[]=桃園市,中興段,131-9
http://twland.ronny.tw/index/search?lands[]=桃園市,中興段,134-2
http://twland.ronny.tw/index/search?lands[]=桃園市,中興段,69-14
http://twland.ronny.tw/index/search?lands[]=桃園市,內壢段,588-4
http://twland.ronny.tw/index/search?lands[]=桃園市,福興段,103-7
http://twland.ronny.tw/index/search?lands[]=桃園市,平鎮段,700-1
http://twland.ronny.tw/index/search?lands[]=臺北市,豐年段一小段,452-8
http://twland.ronny.tw/index/search?lands[]=臺中市,詹厝園段,9004-6
